<?xml version="1.0" encoding="UTF-8"?>
<!-- Generated by org.testng.reporters.JUnitReportReporter -->
<testsuite hostname="appventurez-HP-ProBook-440-G1" failures="0" tests="1" name="demoProject.TestngDemo" time="11.210" errors="0" timestamp="08 Jul 2019 08:28:02 GMT" skipped="0">
  <testcase classname="demoProject.TestngDemo" name="test" time="11.210"/>
</testsuite> <!-- demoProject.TestngDemo -->
