<?xml version="1.0" encoding="UTF-8"?>
<!-- Generated by org.testng.reporters.JUnitReportReporter -->
<testsuite hostname="appventurez-HP-ProBook-440-G1" failures="0" tests="2" name="demoProject.AlertHandling" time="20.285" errors="0" timestamp="08 Jul 2019 11:31:06 GMT" skipped="0">
  <testcase classname="demoProject.AlertHandling" name="handleAlert" time="20.194"/>
  <testcase classname="demoProject.AlertHandling" name="handleConfirmpop" time="0.091"/>
</testsuite> <!-- demoProject.AlertHandling -->
